  % Total    % Received % Xferd  Average Speed   Time    Time     Time  Current
                                 Dload  Upload   Total   Spent    Left  Speed
  0     0    0     0    0     0      0      0 --:--:-- --:--:-- --:--:--     0  0     0    0     0    0     0      0      0 --:--:-- --:--:-- --:--:--     0
100  118k    0  118k    0     0   159k      0 --:--:-- --:--:-- --:--:--  159k100 1524k    0 1524k    0     0  1580k      0 --:--:-- --:--:-- --:--:-- 6361k
  % Total    % Received % Xferd  Average Speed   Time    Time     Time  Current
                                 Dload  Upload   Total   Spent    Left  Speed
  0     0    0     0    0     0      0      0 --:--:-- --:--:-- --:--:--     0  0     0    0     0    0     0      0      0 --:--:-- --:--:-- --:--:--     0  0     0    0     0    0     0      0      0 --:--:-- --:--:-- --:--:--     0
100  238k    0  238k    0     0   345k      0 --:--:-- --:--:-- --:--:--  345k
x lingeling-03b4860d14016f42213ea271014f2f13d181f504/
x lingeling-03b4860d14016f42213ea271014f2f13d181f504/COPYING
x lingeling-03b4860d14016f42213ea271014f2f13d181f504/README
x lingeling-03b4860d14016f42213ea271014f2f13d181f504/VERSION
x lingeling-03b4860d14016f42213ea271014f2f13d181f504/blimc.c
x lingeling-03b4860d14016f42213ea271014f2f13d181f504/configure.sh
x lingeling-03b4860d14016f42213ea271014f2f13d181f504/ilingeling.c
x lingeling-03b4860d14016f42213ea271014f2f13d181f504/lglbnr.c
x lingeling-03b4860d14016f42213ea271014f2f13d181f504/lglconst.h
x lingeling-03b4860d14016f42213ea271014f2f13d181f504/lglddtrace.c
x lingeling-03b4860d14016f42213ea271014f2f13d181f504/lgldimacs.c
x lingeling-03b4860d14016f42213ea271014f2f13d181f504/lgldimacs.h
x lingeling-03b4860d14016f42213ea271014f2f13d181f504/lglib.c
x lingeling-03b4860d14016f42213ea271014f2f13d181f504/lglib.h
x lingeling-03b4860d14016f42213ea271014f2f13d181f504/lglmain.c
x lingeling-03b4860d14016f42213ea271014f2f13d181f504/lglmbt.c
x lingeling-03b4860d14016f42213ea271014f2f13d181f504/lgloptl.h
x lingeling-03b4860d14016f42213ea271014f2f13d181f504/lglopts.c
x lingeling-03b4860d14016f42213ea271014f2f13d181f504/lglopts.h
x lingeling-03b4860d14016f42213ea271014f2f13d181f504/lgluntrace.c
x lingeling-03b4860d14016f42213ea271014f2f13d181f504/makefile.in
x lingeling-03b4860d14016f42213ea271014f2f13d181f504/mkconfig.sh
x lingeling-03b4860d14016f42213ea271014f2f13d181f504/plingeling.c
x lingeling-03b4860d14016f42213ea271014f2f13d181f504/treengeling.c
lglib.c:11680:31: warning: variable 'neqs' set but not used [-Wunused-but-set-variable]
  int deltarem, nunits, hbrs, neqs, oldrem = lglrem (lgl);
                              ^
1 warning generated.
ilingeling.c:694:10: warning: variable 'mb' set but not used [-Wunused-but-set-variable]
  double mb  = maxallocated / (double)(1<<20);
         ^
1 warning generated.
lglmbt.c:730:20: warning: taking the absolute value of unsigned type 'unsigned int' has no effect [-Wabsolute-value]
        prev = env.seed = abs (env.seed) >> 1;
                          ^
lglmbt.c:730:20: note: remove the call to 'abs' since unsigned values cannot be negative
        prev = env.seed = abs (env.seed) >> 1;
                          ^~~~
1 warning generated.
  % Total    % Received % Xferd  Average Speed   Time    Time     Time  Current
                                 Dload  Upload   Total   Spent    Left  Speed
  0     0    0     0    0     0      0      0 --:--:-- --:--:-- --:--:--     0  0     0    0     0    0     0      0      0 --:--:-- --:--:-- --:--:--     0
100 70185    0 70185    0     0   108k      0 --:--:-- --:--:-- --:--:--  108k
x btor2tools-1df768d75adfb13a8f922f5ffdd1d58e80cb1cc2/
x btor2tools-1df768d75adfb13a8f922f5ffdd1d58e80cb1cc2/.clang-format
x btor2tools-1df768d75adfb13a8f922f5ffdd1d58e80cb1cc2/.gitignore
x btor2tools-1df768d75adfb13a8f922f5ffdd1d58e80cb1cc2/AUTHORS
x btor2tools-1df768d75adfb13a8f922f5ffdd1d58e80cb1cc2/LICENSE.txt
x btor2tools-1df768d75adfb13a8f922f5ffdd1d58e80cb1cc2/README.md
x btor2tools-1df768d75adfb13a8f922f5ffdd1d58e80cb1cc2/VERSION
x btor2tools-1df768d75adfb13a8f922f5ffdd1d58e80cb1cc2/configure.sh
x btor2tools-1df768d75adfb13a8f922f5ffdd1d58e80cb1cc2/examples/
x btor2tools-1df768d75adfb13a8f922f5ffdd1d58e80cb1cc2/examples/.gitignore
x btor2tools-1df768d75adfb13a8f922f5ffdd1d58e80cb1cc2/examples/btorsim/
x btor2tools-1df768d75adfb13a8f922f5ffdd1d58e80cb1cc2/examples/btorsim/count2.btor2
x btor2tools-1df768d75adfb13a8f922f5ffdd1d58e80cb1cc2/examples/btorsim/count4.btor2
x btor2tools-1df768d75adfb13a8f922f5ffdd1d58e80cb1cc2/examples/btorsim/factorial4even.btor2
x btor2tools-1df768d75adfb13a8f922f5ffdd1d58e80cb1cc2/examples/btorsim/noninitstate.btor2
x btor2tools-1df768d75adfb13a8f922f5ffdd1d58e80cb1cc2/examples/btorsim/ponylink-slaveTXlen-sat.btor2
x btor2tools-1df768d75adfb13a8f922f5ffdd1d58e80cb1cc2/examples/btorsim/recount4.btor2
x btor2tools-1df768d75adfb13a8f922f5ffdd1d58e80cb1cc2/examples/btorsim/run-examples.sh
x btor2tools-1df768d75adfb13a8f922f5ffdd1d58e80cb1cc2/examples/btorsim/twocount2.btor2
x btor2tools-1df768d75adfb13a8f922f5ffdd1d58e80cb1cc2/examples/btorsim/twocount2c.btor2
x btor2tools-1df768d75adfb13a8f922f5ffdd1d58e80cb1cc2/examples/btorsim/twocount32.btor2
x btor2tools-1df768d75adfb13a8f922f5ffdd1d58e80cb1cc2/makefile.in
x btor2tools-1df768d75adfb13a8f922f5ffdd1d58e80cb1cc2/mksrcrelease.sh
x btor2tools-1df768d75adfb13a8f922f5ffdd1d58e80cb1cc2/src/
x btor2tools-1df768d75adfb13a8f922f5ffdd1d58e80cb1cc2/src/btor2parser/
x btor2tools-1df768d75adfb13a8f922f5ffdd1d58e80cb1cc2/src/btor2parser/btor2parser.c
x btor2tools-1df768d75adfb13a8f922f5ffdd1d58e80cb1cc2/src/btor2parser/btor2parser.h
x btor2tools-1df768d75adfb13a8f922f5ffdd1d58e80cb1cc2/src/btorsim/
x btor2tools-1df768d75adfb13a8f922f5ffdd1d58e80cb1cc2/src/btorsim/btorsim.c
x btor2tools-1df768d75adfb13a8f922f5ffdd1d58e80cb1cc2/src/btorsim/btorsimbv.c
x btor2tools-1df768d75adfb13a8f922f5ffdd1d58e80cb1cc2/src/btorsim/btorsimbv.h
x btor2tools-1df768d75adfb13a8f922f5ffdd1d58e80cb1cc2/src/btorsim/btorsimrng.c
x btor2tools-1df768d75adfb13a8f922f5ffdd1d58e80cb1cc2/src/btorsim/btorsimrng.h
x btor2tools-1df768d75adfb13a8f922f5ffdd1d58e80cb1cc2/src/catbtor.c
x btor2tools-1df768d75adfb13a8f922f5ffdd1d58e80cb1cc2/src/util/
x btor2tools-1df768d75adfb13a8f922f5ffdd1d58e80cb1cc2/src/util/btor2mem.h
x btor2tools-1df768d75adfb13a8f922f5ffdd1d58e80cb1cc2/src/util/btor2stack.h
x btor2tools-1df768d75adfb13a8f922f5ffdd1d58e80cb1cc2/test/
x btor2tools-1df768d75adfb13a8f922f5ffdd1d58e80cb1cc2/test/run-coverage-tests.sh
x btor2tools-1df768d75adfb13a8f922f5ffdd1d58e80cb1cc2/test/runtests.sh
x btor2tools-1df768d75adfb13a8f922f5ffdd1d58e80cb1cc2/test/tests/
x btor2tools-1df768d75adfb13a8f922f5ffdd1d58e80cb1cc2/test/tests/.gitignore
x btor2tools-1df768d75adfb13a8f922f5ffdd1d58e80cb1cc2/test/tests/aa.in
x btor2tools-1df768d75adfb13a8f922f5ffdd1d58e80cb1cc2/test/tests/aa.out
x btor2tools-1df768d75adfb13a8f922f5ffdd1d58e80cb1cc2/test/tests/addnlafterfirstarg.in
x btor2tools-1df768d75adfb13a8f922f5ffdd1d58e80cb1cc2/test/tests/addnlafterfirstarg.out
x btor2tools-1df768d75adfb13a8f922f5ffdd1d58e80cb1cc2/test/tests/addnospaceafterfirstarg.in
x btor2tools-1df768d75adfb13a8f922f5ffdd1d58e80cb1cc2/test/tests/addnospaceafterfirstarg.out
x btor2tools-1df768d75adfb13a8f922f5ffdd1d58e80cb1cc2/test/tests/allop2s.in
x btor2tools-1df768d75adfb13a8f922f5ffdd1d58e80cb1cc2/test/tests/allop2s.out
x btor2tools-1df768d75adfb13a8f922f5ffdd1d58e80cb1cc2/test/tests/andargmismatch.in
x btor2tools-1df768d75adfb13a8f922f5ffdd1d58e80cb1cc2/test/tests/andargmismatch.out
x btor2tools-1df768d75adfb13a8f922f5ffdd1d58e80cb1cc2/test/tests/andlenospace.in
x btor2tools-1df768d75adfb13a8f922f5ffdd1d58e80cb1cc2/test/tests/andlenospace.out
x btor2tools-1df768d75adfb13a8f922f5ffdd1d58e80cb1cc2/test/tests/andonesone.in
x btor2tools-1df768d75adfb13a8f922f5ffdd1d58e80cb1cc2/test/tests/andonesone.out
x btor2tools-1df768d75adfb13a8f922f5ffdd1d58e80cb1cc2/test/tests/andoutmismatch.in
x btor2tools-1df768d75adfb13a8f922f5ffdd1d58e80cb1cc2/test/tests/andoutmismatch.out
x btor2tools-1df768d75adfb13a8f922f5ffdd1d58e80cb1cc2/test/tests/andtrailspace.in
x btor2tools-1df768d75adfb13a8f922f5ffdd1d58e80cb1cc2/test/tests/andtrailspace.out
x btor2tools-1df768d75adfb13a8f922f5ffdd1d58e80cb1cc2/test/tests/argidlarger.in
x btor2tools-1df768d75adfb13a8f922f5ffdd1d58e80cb1cc2/test/tests/argidlarger.out
x btor2tools-1df768d75adfb13a8f922f5ffdd1d58e80cb1cc2/test/tests/array.in
x btor2tools-1df768d75adfb13a8f922f5ffdd1d58e80cb1cc2/test/tests/array.out
x btor2tools-1df768d75adfb13a8f922f5ffdd1d58e80cb1cc2/test/tests/arrayasbv.in
x btor2tools-1df768d75adfb13a8f922f5ffdd1d58e80cb1cc2/test/tests/arrayasbv.out
x btor2tools-1df768d75adfb13a8f922f5ffdd1d58e80cb1cc2/test/tests/arraynospaceaftersort.in
x btor2tools-1df768d75adfb13a8f922f5ffdd1d58e80cb1cc2/test/tests/arraynospaceaftersort.out
x btor2tools-1df768d75adfb13a8f922f5ffdd1d58e80cb1cc2/test/tests/empty.in
x btor2tools-1df768d75adfb13a8f922f5ffdd1d58e80cb1cc2/test/tests/empty.out
x btor2tools-1df768d75adfb13a8f922f5ffdd1d58e80cb1cc2/test/tests/emptytag.in
x btor2tools-1df768d75adfb13a8f922f5ffdd1d58e80cb1cc2/test/tests/emptytag.out
x btor2tools-1df768d75adfb13a8f922f5ffdd1d58e80cb1cc2/test/tests/gap.in
x btor2tools-1df768d75adfb13a8f922f5ffdd1d58e80cb1cc2/test/tests/gap.out
x btor2tools-1df768d75adfb13a8f922f5ffdd1d58e80cb1cc2/test/tests/ii.in
x btor2tools-1df768d75adfb13a8f922f5ffdd1d58e80cb1cc2/test/tests/ii.out
x btor2tools-1df768d75adfb13a8f922f5ffdd1d58e80cb1cc2/test/tests/implies2ndargundef.in
x btor2tools-1df768d75adfb13a8f922f5ffdd1d58e80cb1cc2/test/tests/implies2ndargundef.out
x btor2tools-1df768d75adfb13a8f922f5ffdd1d58e80cb1cc2/test/tests/input.in
x btor2tools-1df768d75adfb13a8f922f5ffdd1d58e80cb1cc2/test/tests/input.out
x btor2tools-1df768d75adfb13a8f922f5ffdd1d58e80cb1cc2/test/tests/inputemptysym.in
x btor2tools-1df768d75adfb13a8f922f5ffdd1d58e80cb1cc2/test/tests/inputemptysym.out
x btor2tools-1df768d75adfb13a8f922f5ffdd1d58e80cb1cc2/test/tests/inputeofinsym.in
x btor2tools-1df768d75adfb13a8f922f5ffdd1d58e80cb1cc2/test/tests/inputeofinsym.out
x btor2tools-1df768d75adfb13a8f922f5ffdd1d58e80cb1cc2/test/tests/inputsymspace.in
x btor2tools-1df768d75adfb13a8f922f5ffdd1d58e80cb1cc2/test/tests/inputsymspace.out
x btor2tools-1df768d75adfb13a8f922f5ffdd1d58e80cb1cc2/test/tests/invalidargid.in
x btor2tools-1df768d75adfb13a8f922f5ffdd1d58e80cb1cc2/test/tests/invalidargid.out
x btor2tools-1df768d75adfb13a8f922f5ffdd1d58e80cb1cc2/test/tests/invalidid.in
x btor2tools-1df768d75adfb13a8f922f5ffdd1d58e80cb1cc2/test/tests/invalidid.out
x btor2tools-1df768d75adfb13a8f922f5ffdd1d58e80cb1cc2/test/tests/invalidid0.in
x btor2tools-1df768d75adfb13a8f922f5ffdd1d58e80cb1cc2/test/tests/invalidid0.out
x btor2tools-1df768d75adfb13a8f922f5ffdd1d58e80cb1cc2/test/tests/invalidtag.in
x btor2tools-1df768d75adfb13a8f922f5ffdd1d58e80cb1cc2/test/tests/invalidtag.out
x btor2tools-1df768d75adfb13a8f922f5ffdd1d58e80cb1cc2/test/tests/ll.in
x btor2tools-1df768d75adfb13a8f922f5ffdd1d58e80cb1cc2/test/tests/ll.out
x btor2tools-1df768d75adfb13a8f922f5ffdd1d58e80cb1cc2/test/tests/maxid.in
x btor2tools-1df768d75adfb13a8f922f5ffdd1d58e80cb1cc2/test/tests/maxid.out
x btor2tools-1df768d75adfb13a8f922f5ffdd1d58e80cb1cc2/test/tests/maxlen.in
x btor2tools-1df768d75adfb13a8f922f5ffdd1d58e80cb1cc2/test/tests/maxlen.out
x btor2tools-1df768d75adfb13a8f922f5ffdd1d58e80cb1cc2/test/tests/mm.in
x btor2tools-1df768d75adfb13a8f922f5ffdd1d58e80cb1cc2/test/tests/mm.out
x btor2tools-1df768d75adfb13a8f922f5ffdd1d58e80cb1cc2/test/tests/nlnlnl.in
x btor2tools-1df768d75adfb13a8f922f5ffdd1d58e80cb1cc2/test/tests/nlnlnl.out
x btor2tools-1df768d75adfb13a8f922f5ffdd1d58e80cb1cc2/test/tests/nn.in
x btor2tools-1df768d75adfb13a8f922f5ffdd1d58e80cb1cc2/test/tests/nn.out
x btor2tools-1df768d75adfb13a8f922f5ffdd1d58e80cb1cc2/test/tests/nondigitid.in
x btor2tools-1df768d75adfb13a8f922f5ffdd1d58e80cb1cc2/test/tests/nondigitid.out
x btor2tools-1df768d75adfb13a8f922f5ffdd1d58e80cb1cc2/test/tests/nondigitlen.in
x btor2tools-1df768d75adfb13a8f922f5ffdd1d58e80cb1cc2/test/tests/nondigitlen.out
x btor2tools-1df768d75adfb13a8f922f5ffdd1d58e80cb1cc2/test/tests/nonewlinecomment.in
x btor2tools-1df768d75adfb13a8f922f5ffdd1d58e80cb1cc2/test/tests/nonewlinecomment.out
x btor2tools-1df768d75adfb13a8f922f5ffdd1d58e80cb1cc2/test/tests/nor2ndargnospace.in
x btor2tools-1df768d75adfb13a8f922f5ffdd1d58e80cb1cc2/test/tests/nor2ndargnospace.out
x btor2tools-1df768d75adfb13a8f922f5ffdd1d58e80cb1cc2/test/tests/nospaceafterid.in
x btor2tools-1df768d75adfb13a8f922f5ffdd1d58e80cb1cc2/test/tests/nospaceafterid.out
x btor2tools-1df768d75adfb13a8f922f5ffdd1d58e80cb1cc2/test/tests/onesnospace.in
x btor2tools-1df768d75adfb13a8f922f5ffdd1d58e80cb1cc2/test/tests/onesnospace.out
x btor2tools-1df768d75adfb13a8f922f5ffdd1d58e80cb1cc2/test/tests/oo.in
x btor2tools-1df768d75adfb13a8f922f5ffdd1d58e80cb1cc2/test/tests/oo.out
x btor2tools-1df768d75adfb13a8f922f5ffdd1d58e80cb1cc2/test/tests/samearg.in
x btor2tools-1df768d75adfb13a8f922f5ffdd1d58e80cb1cc2/test/tests/samearg.out
x btor2tools-1df768d75adfb13a8f922f5ffdd1d58e80cb1cc2/test/tests/sortarray.in
x btor2tools-1df768d75adfb13a8f922f5ffdd1d58e80cb1cc2/test/tests/sortarray.out
x btor2tools-1df768d75adfb13a8f922f5ffdd1d58e80cb1cc2/test/tests/sortarrayargs1.in
x btor2tools-1df768d75adfb13a8f922f5ffdd1d58e80cb1cc2/test/tests/sortarrayargs1.out
x btor2tools-1df768d75adfb13a8f922f5ffdd1d58e80cb1cc2/test/tests/sortarrayargs2.in
x btor2tools-1df768d75adfb13a8f922f5ffdd1d58e80cb1cc2/test/tests/sortarrayargs2.out
x btor2tools-1df768d75adfb13a8f922f5ffdd1d58e80cb1cc2/test/tests/sortarrayargs3.in
x btor2tools-1df768d75adfb13a8f922f5ffdd1d58e80cb1cc2/test/tests/sortarrayargs3.out
x btor2tools-1df768d75adfb13a8f922f5ffdd1d58e80cb1cc2/test/tests/sortarrayargs4.in
x btor2tools-1df768d75adfb13a8f922f5ffdd1d58e80cb1cc2/test/tests/sortarrayargs4.out
x btor2tools-1df768d75adfb13a8f922f5ffdd1d58e80cb1cc2/test/tests/sortarraywarrayarg.in
x btor2tools-1df768d75adfb13a8f922f5ffdd1d58e80cb1cc2/test/tests/sortarraywarrayarg.out
x btor2tools-1df768d75adfb13a8f922f5ffdd1d58e80cb1cc2/test/tests/sortasarg.in
x btor2tools-1df768d75adfb13a8f922f5ffdd1d58e80cb1cc2/test/tests/sortasarg.out
x btor2tools-1df768d75adfb13a8f922f5ffdd1d58e80cb1cc2/test/tests/sortbitvec.in
x btor2tools-1df768d75adfb13a8f922f5ffdd1d58e80cb1cc2/test/tests/sortbitvec.out
x btor2tools-1df768d75adfb13a8f922f5ffdd1d58e80cb1cc2/test/tests/sortbvnobw.in
x btor2tools-1df768d75adfb13a8f922f5ffdd1d58e80cb1cc2/test/tests/sortbvnobw.out
x btor2tools-1df768d75adfb13a8f922f5ffdd1d58e80cb1cc2/test/tests/sortnotag.in
x btor2tools-1df768d75adfb13a8f922f5ffdd1d58e80cb1cc2/test/tests/sortnotag.out
x btor2tools-1df768d75adfb13a8f922f5ffdd1d58e80cb1cc2/test/tests/space.in
x btor2tools-1df768d75adfb13a8f922f5ffdd1d58e80cb1cc2/test/tests/space.out
x btor2tools-1df768d75adfb13a8f922f5ffdd1d58e80cb1cc2/test/tests/ss.in
x btor2tools-1df768d75adfb13a8f922f5ffdd1d58e80cb1cc2/test/tests/ss.out
x btor2tools-1df768d75adfb13a8f922f5ffdd1d58e80cb1cc2/test/tests/state.in
x btor2tools-1df768d75adfb13a8f922f5ffdd1d58e80cb1cc2/test/tests/state.out
x btor2tools-1df768d75adfb13a8f922f5ffdd1d58e80cb1cc2/test/tests/statenospace.in
x btor2tools-1df768d75adfb13a8f922f5ffdd1d58e80cb1cc2/test/tests/statenospace.out
x btor2tools-1df768d75adfb13a8f922f5ffdd1d58e80cb1cc2/test/tests/tab.in
x btor2tools-1df768d75adfb13a8f922f5ffdd1d58e80cb1cc2/test/tests/tab.out
x btor2tools-1df768d75adfb13a8f922f5ffdd1d58e80cb1cc2/test/tests/tagnospace.in
x btor2tools-1df768d75adfb13a8f922f5ffdd1d58e80cb1cc2/test/tests/tagnospace.out
x btor2tools-1df768d75adfb13a8f922f5ffdd1d58e80cb1cc2/test/tests/undefinedargid.in
x btor2tools-1df768d75adfb13a8f922f5ffdd1d58e80cb1cc2/test/tests/undefinedargid.out
x btor2tools-1df768d75adfb13a8f922f5ffdd1d58e80cb1cc2/test/tests/unordered.in
x btor2tools-1df768d75adfb13a8f922f5ffdd1d58e80cb1cc2/test/tests/unordered.out
x btor2tools-1df768d75adfb13a8f922f5ffdd1d58e80cb1cc2/test/tests/uu.in
x btor2tools-1df768d75adfb13a8f922f5ffdd1d58e80cb1cc2/test/tests/uu.out
x btor2tools-1df768d75adfb13a8f922f5ffdd1d58e80cb1cc2/test/tests/vv.in
x btor2tools-1df768d75adfb13a8f922f5ffdd1d58e80cb1cc2/test/tests/vv.out
x btor2tools-1df768d75adfb13a8f922f5ffdd1d58e80cb1cc2/test/tests/xx.in
x btor2tools-1df768d75adfb13a8f922f5ffdd1d58e80cb1cc2/test/tests/xx.out
x btor2tools-1df768d75adfb13a8f922f5ffdd1d58e80cb1cc2/test/tests/zero1.in
x btor2tools-1df768d75adfb13a8f922f5ffdd1d58e80cb1cc2/test/tests/zero1.out
x btor2tools-1df768d75adfb13a8f922f5ffdd1d58e80cb1cc2/test/tests/zero32.in
x btor2tools-1df768d75adfb13a8f922f5ffdd1d58e80cb1cc2/test/tests/zero32.out
x btor2tools-1df768d75adfb13a8f922f5ffdd1d58e80cb1cc2/test/tests/zeroid.in
x btor2tools-1df768d75adfb13a8f922f5ffdd1d58e80cb1cc2/test/tests/zeroid.out
x btor2tools-1df768d75adfb13a8f922f5ffdd1d58e80cb1cc2/test/tests/zerolen.in
x btor2tools-1df768d75adfb13a8f922f5ffdd1d58e80cb1cc2/test/tests/zerolen.out
x btor2tools-1df768d75adfb13a8f922f5ffdd1d58e80cb1cc2/test/tests/zerowitharg.in
x btor2tools-1df768d75adfb13a8f922f5ffdd1d58e80cb1cc2/test/tests/zerowitharg.out
x btor2tools-1df768d75adfb13a8f922f5ffdd1d58e80cb1cc2/test/tests/zz.in
x btor2tools-1df768d75adfb13a8f922f5ffdd1d58e80cb1cc2/test/tests/zz.out
./configure.sh: line 199: cmake: command not found
cp: bin/boolector: No such file or directory
