~/Documents/Conjure-Forked/conjure/tmp-install-boolector ~/Documents/Conjure-Forked/conjure
gcc -Wall -O3 -fPIC -DNLGLOG -DNDEBUG -DNCHKSOL -DNLGLDRUPLIG -DNLGLYALSAT -DNLGLFILES -DNLGLDEMA
gcc -Wall -O3 -fPIC -DNLGLOG -DNDEBUG -DNCHKSOL -DNLGLDRUPLIG -DNLGLYALSAT -DNLGLFILES -DNLGLDEMA -c lglib.c
rm -f lglcflags.h
echo '#define LGL_CC "Apple clang version 13.1.6 (clang-1316.0.21.2.5)"' >> lglcflags.h
echo '#define LGL_CFLAGS "-Wall -O3 -fPIC -DNLGLOG -DNDEBUG -DNCHKSOL -DNLGLDRUPLIG -DNLGLYALSAT -DNLGLFILES -DNLGLDEMA"' >> lglcflags.h
rm -f lglcfg.h
./mkconfig.sh > lglcfg.h
gcc -Wall -O3 -fPIC -DNLGLOG -DNDEBUG -DNCHKSOL -DNLGLDRUPLIG -DNLGLYALSAT -DNLGLFILES -DNLGLDEMA -c lglbnr.c
gcc -Wall -O3 -fPIC -DNLGLOG -DNDEBUG -DNCHKSOL -DNLGLDRUPLIG -DNLGLYALSAT -DNLGLFILES -DNLGLDEMA -c lgldimacs.c
gcc -Wall -O3 -fPIC -DNLGLOG -DNDEBUG -DNCHKSOL -DNLGLDRUPLIG -DNLGLYALSAT -DNLGLFILES -DNLGLDEMA -c lglopts.c
ar rc liblgl.a lglib.o lglbnr.o lgldimacs.o lglopts.o 
ranlib liblgl.a
gcc -Wall -O3 -fPIC -DNLGLOG -DNDEBUG -DNCHKSOL -DNLGLDRUPLIG -DNLGLYALSAT -DNLGLFILES -DNLGLDEMA -c lglmain.c
gcc -Wall -O3 -fPIC -DNLGLOG -DNDEBUG -DNCHKSOL -DNLGLDRUPLIG -DNLGLYALSAT -DNLGLFILES -DNLGLDEMA -o lingeling lglmain.o -L. -llgl -lm
gcc -Wall -O3 -fPIC -DNLGLOG -DNDEBUG -DNCHKSOL -DNLGLDRUPLIG -DNLGLYALSAT -DNLGLFILES -DNLGLDEMA -c plingeling.c
gcc -Wall -O3 -fPIC -DNLGLOG -DNDEBUG -DNCHKSOL -DNLGLDRUPLIG -DNLGLYALSAT -DNLGLFILES -DNLGLDEMA -pthread -o plingeling plingeling.o -L. -llgl -lm
gcc -Wall -O3 -fPIC -DNLGLOG -DNDEBUG -DNCHKSOL -DNLGLDRUPLIG -DNLGLYALSAT -DNLGLFILES -DNLGLDEMA -c ilingeling.c
gcc -Wall -O3 -fPIC -DNLGLOG -DNDEBUG -DNCHKSOL -DNLGLDRUPLIG -DNLGLYALSAT -DNLGLFILES -DNLGLDEMA -pthread -o ilingeling ilingeling.o -L. -llgl -lm
gcc -Wall -O3 -fPIC -DNLGLOG -DNDEBUG -DNCHKSOL -DNLGLDRUPLIG -DNLGLYALSAT -DNLGLFILES -DNLGLDEMA -c treengeling.c
gcc -Wall -O3 -fPIC -DNLGLOG -DNDEBUG -DNCHKSOL -DNLGLDRUPLIG -DNLGLYALSAT -DNLGLFILES -DNLGLDEMA -pthread -o treengeling treengeling.o -L. -llgl -lm
gcc -Wall -O3 -fPIC -DNLGLOG -DNDEBUG -DNCHKSOL -DNLGLDRUPLIG -DNLGLYALSAT -DNLGLFILES -DNLGLDEMA -c lglmbt.c
gcc -Wall -O3 -fPIC -DNLGLOG -DNDEBUG -DNCHKSOL -DNLGLDRUPLIG -DNLGLYALSAT -DNLGLFILES -DNLGLDEMA -o lglmbt lglmbt.o -L. -llgl -lm
gcc -Wall -O3 -fPIC -DNLGLOG -DNDEBUG -DNCHKSOL -DNLGLDRUPLIG -DNLGLYALSAT -DNLGLFILES -DNLGLDEMA -c lgluntrace.c
gcc -Wall -O3 -fPIC -DNLGLOG -DNDEBUG -DNCHKSOL -DNLGLDRUPLIG -DNLGLYALSAT -DNLGLFILES -DNLGLDEMA -o lgluntrace lgluntrace.o -L. -llgl -lm
gcc -Wall -O3 -fPIC -DNLGLOG -DNDEBUG -DNCHKSOL -DNLGLDRUPLIG -DNLGLYALSAT -DNLGLFILES -DNLGLDEMA -c lglddtrace.c
gcc -Wall -O3 -fPIC -DNLGLOG -DNDEBUG -DNCHKSOL -DNLGLDRUPLIG -DNLGLYALSAT -DNLGLFILES -DNLGLDEMA -o lglddtrace lglddtrace.o -L. -llgl -lm
gcc -W -Wall -Wextra -Wredundant-decls -std=gnu99 -fPIC -O3 -DNDEBUG
makefile generated
mkdir -p build
mkdir -p bin
gcc -W -Wall -Wextra -Wredundant-decls -std=gnu99 -fPIC -O3 -DNDEBUG -o build/btor2parser.o -c src/btor2parser/btor2parser.c -Isrc
gcc -W -Wall -Wextra -Wredundant-decls -std=gnu99 -fPIC -O3 -DNDEBUG -o build/btorsimrng.o -c src/btorsim/btorsimrng.c -Isrc/btorsim
gcc -W -Wall -Wextra -Wredundant-decls -std=gnu99 -fPIC -O3 -DNDEBUG -o build/btorsimbv.o -c src/btorsim/btorsimbv.c -Isrc
ar rc build/libbtor2parser.a build/btor2parser.o
gcc -W -Wall -Wextra -Wredundant-decls -std=gnu99 -fPIC -O3 -DNDEBUG -o build/catbtor.o -c src/catbtor.c -Isrc
ranlib build/libbtor2parser.a
gcc -W -Wall -Wextra -Wredundant-decls -std=gnu99 -fPIC -O3 -DNDEBUG -o build/btorsim.o -c src/btorsim/btorsim.c -Ibtorsim -Isrc
gcc -W -Wall -Wextra -Wredundant-decls -std=gnu99 -fPIC -O3 -DNDEBUG -o bin/catbtor build/catbtor.o -Lbuild -lbtor2parser
gcc -W -Wall -Wextra -Wredundant-decls -std=gnu99 -fPIC -O3 -DNDEBUG -o bin/btorsim build/btorsim.o build/btorsimbv.o build/btorsimrng.o -Lbuild -lbtor2parser
