Cloning into 'open-wbo'...
In file included from /Users/fionakillalea/Documents/Conjure-Forked/conjure/tmp-install-open-wbo/open-wbo/Main.cc:59:
In file included from /Users/fionakillalea/Documents/Conjure-Forked/conjure/tmp-install-open-wbo/open-wbo/algorithms/Alg_PartMSU3.h:38:
/Users/fionakillalea/Documents/Conjure-Forked/conjure/tmp-install-open-wbo/open-wbo/algorithms/../MaxSAT_Partition.h:36:10: fatal error: 'gmpxx.h' file not found
#include <gmpxx.h>
         ^~~~~~~~~
1 error generated.
In file included from /Users/fionakillalea/Documents/Conjure-Forked/conjure/tmp-install-open-wbo/open-wbo/MaxSAT_Partition.cc:30:
/Users/fionakillalea/Documents/Conjure-Forked/conjure/tmp-install-open-wbo/open-wbo/MaxSAT_Partition.h:36:10: fatal error: 'gmpxx.h' file not found
#include <gmpxx.h>
         ^~~~~~~~~
1 error generated.
In file included from /Users/fionakillalea/Documents/Conjure-Forked/conjure/tmp-install-open-wbo/open-wbo/Encoder.cc:28:
In file included from /Users/fionakillalea/Documents/Conjure-Forked/conjure/tmp-install-open-wbo/open-wbo/Encoder.h:38:
/Users/fionakillalea/Documents/Conjure-Forked/conjure/tmp-install-open-wbo/open-wbo/MaxTypes.h:46:38: warning: returning address of local temporary object [-Wreturn-stack-address]
  const char* getMsg() const {return s.str().c_str();}
                                     ^~~~~~~
In file included from /Users/fionakillalea/Documents/Conjure-Forked/conjure/tmp-install-open-wbo/open-wbo/MaxSAT.cc:28:
In file included from /Users/fionakillalea/Documents/Conjure-Forked/conjure/tmp-install-open-wbo/open-wbo/MaxSAT.h:39:
In file included from /Users/fionakillalea/Documents/Conjure-Forked/conjure/tmp-install-open-wbo/open-wbo/MaxSATFormula.h:38:
/Users/fionakillalea/Documents/Conjure-Forked/conjure/tmp-install-open-wbo/open-wbo/MaxTypes.h:46:38: warning: returning address of local temporary object [-Wreturn-stack-address]
  const char* getMsg() const {return s.str().c_str();}
                                     ^~~~~~~
In file included from /Users/fionakillalea/Documents/Conjure-Forked/conjure/tmp-install-open-wbo/open-wbo/MaxSATFormula.cc:30:
In file included from /Users/fionakillalea/Documents/Conjure-Forked/conjure/tmp-install-open-wbo/open-wbo/MaxSATFormula.h:38:
/Users/fionakillalea/Documents/Conjure-Forked/conjure/tmp-install-open-wbo/open-wbo/MaxTypes.h:46:38: warning: returning address of local temporary object [-Wreturn-stack-address]
  const char* getMsg() const {return s.str().c_str();}
                                     ^~~~~~~
In file included from /Users/fionakillalea/Documents/Conjure-Forked/conjure/tmp-install-open-wbo/open-wbo/Main.cc:50:
In file included from /Users/fionakillalea/Documents/Conjure-Forked/conjure/tmp-install-open-wbo/open-wbo/MaxSAT.h:39:
In file included from /Users/fionakillalea/Documents/Conjure-Forked/conjure/tmp-install-open-wbo/open-wbo/MaxSATFormula.h:38:
/Users/fionakillalea/Documents/Conjure-Forked/conjure/tmp-install-open-wbo/open-wbo/MaxTypes.h:46:38: warning: returning address of local temporary object [-Wreturn-stack-address]
  const char* getMsg() const {return s.str().c_str();}
                                     ^~~~~~~
In file included from /Users/fionakillalea/Documents/Conjure-Forked/conjure/tmp-install-open-wbo/open-wbo/Main.cc:59:
In file included from /Users/fionakillalea/Documents/Conjure-Forked/conjure/tmp-install-open-wbo/open-wbo/algorithms/Alg_PartMSU3.h:38:
/Users/fionakillalea/Documents/Conjure-Forked/conjure/tmp-install-open-wbo/open-wbo/algorithms/../MaxSAT_Partition.h:36:10: fatal error: 'gmpxx.h' file not found
#include <gmpxx.h>
         ^~~~~~~~~
1 warning and 1 error generated.
make[1]: *** [/Users/fionakillalea/Documents/Conjure-Forked/conjure/tmp-install-open-wbo/open-wbo/Main.or] Error 1
make[1]: *** Waiting for unfinished jobs....
1 warning generated.
1 warning generated.
1 warning generated.
