0 info it worked if it ends with ok
1 verbose cli [ '/usr/bin/node', '/usr/bin/npm', 'run', 'o' ]
2 info using npm@3.5.2
3 info using node@v8.10.0
4 verbose run-script [ 'preo', 'o', 'posto' ]
5 info lifecycle cypress-example-typescript-webpack@1.0.0~preo: cypress-example-typescript-webpack@1.0.0
6 silly lifecycle cypress-example-typescript-webpack@1.0.0~preo: no script for preo, continuing
7 info lifecycle cypress-example-typescript-webpack@1.0.0~o: cypress-example-typescript-webpack@1.0.0
8 verbose lifecycle cypress-example-typescript-webpack@1.0.0~o: unsafe-perm in lifecycle true
9 verbose lifecycle cypress-example-typescript-webpack@1.0.0~o: PATH: /usr/share/npm/bin/node-gyp-bin:/root/conjure/ide/preprocessors__typescript-webpack/node_modules/.bin:/root/.vscode-server/bin/9df03c6d6ce97c6645c5846f6dfa2a6a7d276515/bin:/usr/local/sbin:/usr/local/bin:/usr/sbin:/usr/bin:/sbin:/bin
10 verbose lifecycle cypress-example-typescript-webpack@1.0.0~o: CWD: /root/conjure/ide/preprocessors__typescript-webpack
11 silly lifecycle cypress-example-typescript-webpack@1.0.0~o: Args: [ '-c', 'cypress open' ]
12 silly lifecycle cypress-example-typescript-webpack@1.0.0~o: Returned: code: 1  signal: null
13 info lifecycle cypress-example-typescript-webpack@1.0.0~o: Failed to exec o script
14 verbose stack Error: cypress-example-typescript-webpack@1.0.0 o: `cypress open`
14 verbose stack Exit status 1
14 verbose stack     at EventEmitter.<anonymous> (/usr/share/npm/lib/utils/lifecycle.js:232:16)
14 verbose stack     at emitTwo (events.js:126:13)
14 verbose stack     at EventEmitter.emit (events.js:214:7)
14 verbose stack     at ChildProcess.<anonymous> (/usr/share/npm/lib/utils/spawn.js:24:14)
14 verbose stack     at emitTwo (events.js:126:13)
14 verbose stack     at ChildProcess.emit (events.js:214:7)
14 verbose stack     at maybeClose (internal/child_process.js:925:16)
14 verbose stack     at Process.ChildProcess._handle.onexit (internal/child_process.js:209:5)
15 verbose pkgid cypress-example-typescript-webpack@1.0.0
16 verbose cwd /root/conjure/ide/preprocessors__typescript-webpack
17 error Linux 4.9.184-linuxkit
18 error argv "/usr/bin/node" "/usr/bin/npm" "run" "o"
19 error node v8.10.0
20 error npm  v3.5.2
21 error code ELIFECYCLE
22 error cypress-example-typescript-webpack@1.0.0 o: `cypress open`
22 error Exit status 1
23 error Failed at the cypress-example-typescript-webpack@1.0.0 o script 'cypress open'.
23 error Make sure you have the latest version of node.js and npm installed.
23 error If you do, this is most likely a problem with the cypress-example-typescript-webpack package,
23 error not with npm itself.
23 error Tell the author that this fails on your system:
23 error     cypress open
23 error You can get information on how to open an issue for this project with:
23 error     npm bugs cypress-example-typescript-webpack
23 error Or if that isn't available, you can get their info via:
23 error     npm owner ls cypress-example-typescript-webpack
23 error There is likely additional logging output above.
24 verbose exit [ 1, true ]
